<?xml version="1.0" encoding="UTF-8"?>
<!-- Generated by org.testng.reporters.JUnitXMLReporter -->
<testsuite ignored="1" hostname="PUN-DPMF6J3" failures="0" tests="1" name="Error validation Test" time="9.714" errors="0" timestamp="2023-04-13T02:46:19 IST">
  <testcase classname="ecommerce.Tests.ErrorValidation" name="loginErrorValidation" time="0.64"/>
  <testcase classname="ecommerce.Tests.ErrorValidation" name="productErrorValidation" time="0.0">
    <ignored/>
  </testcase> <!-- productErrorValidation -->
</testsuite> <!-- Error validation Test -->
