<?xml version="1.0" encoding="UTF-8"?>
<testng-results ignored="0" total="1" passed="1" failed="0" skipped="0">
  <reporter-output>
  </reporter-output>
  <suite started-at="2023-11-29T03:02:02 IST" name="Default suite" finished-at="2023-11-29T03:02:19 IST" duration-ms="17396">
    <groups>
    </groups>
    <test started-at="2023-11-29T03:02:02 IST" name="Default test" finished-at="2023-11-29T03:02:19 IST" duration-ms="17396">
      <class name="ecommerce.Tests.StandAloneTest">
        <test-method signature="mainTest()[pri:0, instance:ecommerce.Tests.StandAloneTest@7193666c]" started-at="2023-11-29T03:02:02 IST" name="mainTest" finished-at="2023-11-29T03:02:19 IST" duration-ms="17335" status="PASS">
          <reporter-output>
          </reporter-output>
        </test-method> <!-- mainTest -->
      </class> <!-- ecommerce.Tests.StandAloneTest -->
    </test> <!-- Default test -->
  </suite> <!-- Default suite -->
</testng-results>
